# JRE version: OpenJDK Runtime Environment Microsoft-8035246 (17.0.8+7) (build 17.0.8+7-LTS)
# Java VM: OpenJDK 64-Bit Server VM Microsoft-8035246 (17.0.8+7-LTS, mixed mode, sharing, tiered, compressed oops, compressed class ptrs, g1 gc, windows-amd64)
GC Precious Log:
 CPUs: 4 total, 4 available
 Memory: 6091M
 Large Page Support: Disabled
 NUMA Support: Disabled
 Compressed Oops: Enabled (32-bit)
 Heap Region Size: 1M
 Heap Min Capacity: 8M
 Heap Initial Capacity: 96M
 Heap Max Capacity: 2G
 Pre-touch: Disabled
 Parallel Workers: 4
 Concurrent Workers: 1
 Concurrent Refinement Workers: 4
 Periodic GC: Disabled
Heap:
 garbage-first heap   total 364544K, used 225594K [0x0000000080000000, 0x0000000100000000)
  region size 1024K, 34 young (34816K), 3 survivors (3072K)
 Metaspace       used 102727K, committed 103936K, reserved 557056K
  class space    used 14318K, committed 14848K, reserved 425984K
GC Heap History (20 events):
Event: 42.289 GC heap before
{Heap before GC invocations=44 (full 0):
 garbage-first heap   total 286720K, used 205804K [0x0000000080000000, 0x0000000100000000)
  region size 1024K, 114 young (116736K), 2 survivors (2048K)
 Metaspace       used 83708K, committed 84416K, reserved 557056K
  class space    used 11809K, committed 12160K, reserved 425984K
}
Event: 42.300 GC heap after
{Heap after GC invocations=45 (full 0):
 garbage-first heap   total 286720K, used 94672K [0x0000000080000000, 0x0000000100000000)
  region size 1024K, 6 young (6144K), 6 survivors (6144K)
 Metaspace       used 83708K, committed 84416K, reserved 557056K
  class space    used 11809K, committed 12160K, reserved 425984K
}
Event: 45.445 GC heap before
{Heap before GC invocations=45 (full 0):
 garbage-first heap   total 286720K, used 213456K [0x0000000080000000, 0x0000000100000000)
  region size 1024K, 119 young (121856K), 6 survivors (6144K)
 Metaspace       used 88697K, committed 89600K, reserved 557056K
  class space    used 12476K, committed 12928K, reserved 425984K
}
Event: 45.478 GC heap after
{Heap after GC invocations=46 (full 0):
 garbage-first heap   total 286720K, used 117572K [0x0000000080000000, 0x0000000100000000)
  region size 1024K, 15 young (15360K), 15 survivors (15360K)
 Metaspace       used 88697K, committed 89600K, reserved 557056K
  class space    used 12476K, committed 12928K, reserved 425984K
}
Event: 46.822 GC heap before
{Heap before GC invocations=46 (full 0):
 garbage-first heap   total 286720K, used 213828K [0x0000000080000000, 0x0000000100000000)
  region size 1024K, 109 young (111616K), 15 survivors (15360K)
 Metaspace       used 91382K, committed 92352K, reserved 557056K
  class space    used 12873K, committed 13312K, reserved 425984K
}
Event: 46.853 GC heap after
{Heap after GC invocations=47 (full 0):
 garbage-first heap   total 286720K, used 128870K [0x0000000080000000, 0x0000000100000000)
  region size 1024K, 11 young (11264K), 11 survivors (11264K)
 Metaspace       used 91382K, committed 92352K, reserved 557056K
  class space    used 12873K, committed 13312K, reserved 425984K
}
Event: 49.070 GC heap before
{Heap before GC invocations=47 (full 0):
 garbage-first heap   total 286720K, used 218982K [0x0000000080000000, 0x0000000100000000)
  region size 1024K, 99 young (101376K), 11 survivors (11264K)
 Metaspace       used 94898K, committed 95872K, reserved 557056K
  class space    used 13302K, committed 13760K, reserved 425984K
}
Event: 49.096 GC heap after
{Heap after GC invocations=48 (full 0):
 garbage-first heap   total 286720K, used 138752K [0x0000000080000000, 0x0000000100000000)
  region size 1024K, 10 young (10240K), 10 survivors (10240K)
 Metaspace       used 94898K, committed 95872K, reserved 557056K
  class space    used 13302K, committed 13760K, reserved 425984K
}
Event: 51.576 GC heap before
{Heap before GC invocations=48 (full 0):
 garbage-first heap   total 286720K, used 227840K [0x0000000080000000, 0x0000000100000000)
  region size 1024K, 93 young (95232K), 10 survivors (10240K)
 Metaspace       used 95780K, committed 96832K, reserved 557056K
  class space    used 13399K, committed 13888K, reserved 425984K
}
Event: 51.606 GC heap after
{Heap after GC invocations=49 (full 0):
 garbage-first heap   total 286720K, used 161792K [0x0000000080000000, 0x0000000100000000)
  region size 1024K, 12 young (12288K), 12 survivors (12288K)
 Metaspace       used 95780K, committed 96832K, reserved 557056K
  class space    used 13399K, committed 13888K, reserved 425984K
}
Event: 53.075 GC heap before
{Heap before GC invocations=49 (full 0):
 garbage-first heap   total 286720K, used 226304K [0x0000000080000000, 0x0000000100000000)
  region size 1024K, 74 young (75776K), 12 survivors (12288K)
 Metaspace       used 97500K, committed 98560K, reserved 557056K
  class space    used 13629K, committed 14080K, reserved 425984K
}
Event: 53.105 GC heap after
{Heap after GC invocations=50 (full 0):
 garbage-first heap   total 286720K, used 175449K [0x0000000080000000, 0x0000000100000000)
  region size 1024K, 10 young (10240K), 10 survivors (10240K)
 Metaspace       used 97500K, committed 98560K, reserved 557056K
  class space    used 13629K, committed 14080K, reserved 425984K
}
Event: 54.756 GC heap before
{Heap before GC invocations=50 (full 0):
 garbage-first heap   total 286720K, used 228697K [0x0000000080000000, 0x0000000100000000)
  region size 1024K, 62 young (63488K), 10 survivors (10240K)
 Metaspace       used 100643K, committed 101824K, reserved 557056K
  class space    used 14070K, committed 14592K, reserved 425984K
}
Event: 54.784 GC heap after
{Heap after GC invocations=51 (full 0):
 garbage-first heap   total 286720K, used 181670K [0x0000000080000000, 0x0000000100000000)
  region size 1024K, 7 young (7168K), 7 survivors (7168K)
 Metaspace       used 100643K, committed 101824K, reserved 557056K
  class space    used 14070K, committed 14592K, reserved 425984K
}
Event: 55.832 GC heap before
{Heap before GC invocations=51 (full 0):
 garbage-first heap   total 286720K, used 231846K [0x0000000080000000, 0x0000000100000000)
  region size 1024K, 56 young (57344K), 7 survivors (7168K)
 Metaspace       used 101255K, committed 102400K, reserved 557056K
  class space    used 14120K, committed 14656K, reserved 425984K
}
Event: 55.859 GC heap after
{Heap after GC invocations=52 (full 0):
 garbage-first heap   total 286720K, used 187444K [0x0000000080000000, 0x0000000100000000)
  region size 1024K, 6 young (6144K), 6 survivors (6144K)
 Metaspace       used 101255K, committed 102400K, reserved 557056K
  class space    used 14120K, committed 14656K, reserved 425984K
}
Event: 56.795 GC heap before
{Heap before GC invocations=52 (full 0):
 garbage-first heap   total 286720K, used 235572K [0x0000000080000000, 0x0000000100000000)
  region size 1024K, 53 young (54272K), 6 survivors (6144K)
 Metaspace       used 101959K, committed 103168K, reserved 557056K
  class space    used 14218K, committed 14784K, reserved 425984K
}
Event: 56.817 GC heap after
{Heap after GC invocations=53 (full 0):
 garbage-first heap   total 286720K, used 193272K [0x0000000080000000, 0x0000000100000000)
  region size 1024K, 6 young (6144K), 6 survivors (6144K)
 Metaspace       used 101959K, committed 103168K, reserved 557056K
  class space    used 14218K, committed 14784K, reserved 425984K
}
Event: 58.003 GC heap before
{Heap before GC invocations=53 (full 0):
 garbage-first heap   total 286720K, used 237304K [0x0000000080000000, 0x0000000100000000)
  region size 1024K, 50 young (51200K), 6 survivors (6144K)
 Metaspace       used 102427K, committed 103616K, reserved 557056K
  class space    used 14260K, committed 14784K, reserved 425984K
}
Event: 58.028 GC heap after
{Heap after GC invocations=54 (full 0):
 garbage-first heap   total 364544K, used 195898K [0x0000000080000000, 0x0000000100000000)
  region size 1024K, 3 young (3072K), 3 survivors (3072K)
 Metaspace       used 102427K, committed 103616K, reserved 557056K
  class space    used 14260K, committed 14784K, reserved 425984K
}

